Performing C++ SOURCE FILE Test CMAKE_HAVE_LIBC_PTHREAD failed with the following output:
Change Dir: C:/Users/rekkl/rep/Calculator/build/Desktop_x86_windows_msvc2022_pe_64bit-Release/CMakeFiles/CMakeScratch/TryCompile-qcmkzq

Run Build Command(s):C:/PROGRA~2/MICROS~2/2022/BUILDT~1/Common7/IDE/COMMON~1/MICROS~1/CMake/Ninja/ninja.exe cmTC_72701 && [1/2] Building CXX object CMakeFiles\cmTC_72701.dir\src.cxx.obj
[31mFAILED: [0mCMakeFiles/cmTC_72701.dir/src.cxx.obj 
C:\PROGRA~2\MICROS~2\2022\BUILDT~1\VC\Tools\MSVC\1440~1.338\bin\HostX64\x64\cl.exe  /nologo /TP -DCMAKE_HAVE_LIBC_PTHREAD  /DWIN32 /D_WINDOWS /GR /EHsc  /Zi /Ob0 /Od /RTC1 -MDd /showIncludes /FoCMakeFiles\cmTC_72701.dir\src.cxx.obj /FdCMakeFiles\cmTC_72701.dir\ /FS -c C:\Users\rekkl\rep\Calculator\build\Desktop_x86_windows_msvc2022_pe_64bit-Release\CMakeFiles\CMakeScratch\TryCompile-qcmkzq\src.cxx
C:\Users\rekkl\rep\Calculator\build\Desktop_x86_windows_msvc2022_pe_64bit-Release\CMakeFiles\CMakeScratch\TryCompile-qcmkzq\src.cxx(1): fatal error C1083: Cannot open include file: 'pthread.h': No such file or directory
ninja: build stopped: subcommand failed.


Source file was:
#include <pthread.h>

static void* test_func(void* data)
{
  return data;
}

int main(void)
{
  pthread_t thread;
  pthread_create(&thread, NULL, test_func, NULL);
  pthread_detach(thread);
  pthread_cancel(thread);
  pthread_join(thread, NULL);
  pthread_atfork(NULL, NULL, NULL);
  pthread_exit(NULL);

  return 0;
}


Determining if the function pthread_create exists in the pthreads failed with the following output:
Change Dir: C:/Users/rekkl/rep/Calculator/build/Desktop_x86_windows_msvc2022_pe_64bit-Release/CMakeFiles/CMakeScratch/TryCompile-998fr8

Run Build Command(s):C:/PROGRA~2/MICROS~2/2022/BUILDT~1/Common7/IDE/COMMON~1/MICROS~1/CMake/Ninja/ninja.exe cmTC_6a4e8 && [1/2] Building CXX object CMakeFiles\cmTC_6a4e8.dir\CheckFunctionExists.cxx.obj
[2/2] Linking CXX executable cmTC_6a4e8.exe
[31mFAILED: [0mcmTC_6a4e8.exe 
cmd.exe /C "cd . && "C:\Program Files\CMake\bin\cmake.exe" -E vs_link_exe --intdir=CMakeFiles\cmTC_6a4e8.dir --rc=C:\PROGRA~2\WI3CF2~1\10\bin\100226~1.0\x64\rc.exe --mt=C:\PROGRA~2\WI3CF2~1\10\bin\100226~1.0\x64\mt.exe --manifests  -- C:\PROGRA~2\MICROS~2\2022\BUILDT~1\VC\Tools\MSVC\1440~1.338\bin\Hostx64\x64\link.exe /nologo CMakeFiles\cmTC_6a4e8.dir\CheckFunctionExists.cxx.obj  /out:cmTC_6a4e8.exe /implib:cmTC_6a4e8.lib /pdb:cmTC_6a4e8.pdb /version:0.0 /machine:x64  /debug /INCREMENTAL /subsystem:console  pthreads.lib  kernel32.lib user32.lib gdi32.lib winspool.lib shell32.lib ole32.lib oleaut32.lib uuid.lib comdlg32.lib advapi32.lib && cd ."
LINK Pass 1: command "C:\PROGRA~2\MICROS~2\2022\BUILDT~1\VC\Tools\MSVC\1440~1.338\bin\Hostx64\x64\link.exe /nologo CMakeFiles\cmTC_6a4e8.dir\CheckFunctionExists.cxx.obj /out:cmTC_6a4e8.exe /implib:cmTC_6a4e8.lib /pdb:cmTC_6a4e8.pdb /version:0.0 /machine:x64 /debug /INCREMENTAL /subsystem:console pthreads.lib kernel32.lib user32.lib gdi32.lib winspool.lib shell32.lib ole32.lib oleaut32.lib uuid.lib comdlg32.lib advapi32.lib /MANIFEST /MANIFESTFILE:CMakeFiles\cmTC_6a4e8.dir/intermediate.manifest CMakeFiles\cmTC_6a4e8.dir/manifest.res" failed (exit code 1104) with the following output:
LINK : fatal error LNK1104: cannot open file 'pthreads.lib'
ninja: build stopped: subcommand failed.



Determining if the function pthread_create exists in the pthread failed with the following output:
Change Dir: C:/Users/rekkl/rep/Calculator/build/Desktop_x86_windows_msvc2022_pe_64bit-Release/CMakeFiles/CMakeScratch/TryCompile-odkhp7

Run Build Command(s):C:/PROGRA~2/MICROS~2/2022/BUILDT~1/Common7/IDE/COMMON~1/MICROS~1/CMake/Ninja/ninja.exe cmTC_3016a && [1/2] Building CXX object CMakeFiles\cmTC_3016a.dir\CheckFunctionExists.cxx.obj
[2/2] Linking CXX executable cmTC_3016a.exe
[31mFAILED: [0mcmTC_3016a.exe 
cmd.exe /C "cd . && "C:\Program Files\CMake\bin\cmake.exe" -E vs_link_exe --intdir=CMakeFiles\cmTC_3016a.dir --rc=C:\PROGRA~2\WI3CF2~1\10\bin\100226~1.0\x64\rc.exe --mt=C:\PROGRA~2\WI3CF2~1\10\bin\100226~1.0\x64\mt.exe --manifests  -- C:\PROGRA~2\MICROS~2\2022\BUILDT~1\VC\Tools\MSVC\1440~1.338\bin\Hostx64\x64\link.exe /nologo CMakeFiles\cmTC_3016a.dir\CheckFunctionExists.cxx.obj  /out:cmTC_3016a.exe /implib:cmTC_3016a.lib /pdb:cmTC_3016a.pdb /version:0.0 /machine:x64  /debug /INCREMENTAL /subsystem:console  pthread.lib  kernel32.lib user32.lib gdi32.lib winspool.lib shell32.lib ole32.lib oleaut32.lib uuid.lib comdlg32.lib advapi32.lib && cd ."
LINK Pass 1: command "C:\PROGRA~2\MICROS~2\2022\BUILDT~1\VC\Tools\MSVC\1440~1.338\bin\Hostx64\x64\link.exe /nologo CMakeFiles\cmTC_3016a.dir\CheckFunctionExists.cxx.obj /out:cmTC_3016a.exe /implib:cmTC_3016a.lib /pdb:cmTC_3016a.pdb /version:0.0 /machine:x64 /debug /INCREMENTAL /subsystem:console pthread.lib kernel32.lib user32.lib gdi32.lib winspool.lib shell32.lib ole32.lib oleaut32.lib uuid.lib comdlg32.lib advapi32.lib /MANIFEST /MANIFESTFILE:CMakeFiles\cmTC_3016a.dir/intermediate.manifest CMakeFiles\cmTC_3016a.dir/manifest.res" failed (exit code 1104) with the following output:
LINK : fatal error LNK1104: cannot open file 'pthread.lib'
ninja: build stopped: subcommand failed.



