Performing C++ SOURCE FILE Test CMAKE_HAVE_LIBC_PTHREAD failed with the following output:
Change Dir: C:/Users/rekkl/rep/Calculator/build/Qt_6_7_0_build_temporary-Debug/CMakeFiles/CMakeScratch/TryCompile-0y9e9y

Run Build Command(s):C:/PROGRA~2/MICROS~2/2022/BUILDT~1/Common7/IDE/COMMON~1/MICROS~1/CMake/Ninja/ninja.exe cmTC_b5d77 && [1/2] Building CXX object CMakeFiles\cmTC_b5d77.dir\src.cxx.obj
[31mFAILED: [0mCMakeFiles/cmTC_b5d77.dir/src.cxx.obj 
C:\PROGRA~2\MICROS~2\2022\BUILDT~1\VC\Tools\MSVC\1440~1.338\bin\HostX64\x64\cl.exe  /nologo /TP -DCMAKE_HAVE_LIBC_PTHREAD  -DQT_QML_DEBUG /DWIN32 /D_WINDOWS /GR /EHsc  /Zi /Ob0 /Od /RTC1 -MDd /showIncludes /FoCMakeFiles\cmTC_b5d77.dir\src.cxx.obj /FdCMakeFiles\cmTC_b5d77.dir\ /FS -c C:\Users\rekkl\rep\Calculator\build\Qt_6_7_0_build_temporary-Debug\CMakeFiles\CMakeScratch\TryCompile-0y9e9y\src.cxx
C:\Users\rekkl\rep\Calculator\build\Qt_6_7_0_build_temporary-Debug\CMakeFiles\CMakeScratch\TryCompile-0y9e9y\src.cxx(1): fatal error C1083: Cannot open include file: 'pthread.h': No such file or directory
ninja: build stopped: subcommand failed.


Source file was:
#include <pthread.h>

static void* test_func(void* data)
{
  return data;
}

int main(void)
{
  pthread_t thread;
  pthread_create(&thread, NULL, test_func, NULL);
  pthread_detach(thread);
  pthread_cancel(thread);
  pthread_join(thread, NULL);
  pthread_atfork(NULL, NULL, NULL);
  pthread_exit(NULL);

  return 0;
}


Determining if the function pthread_create exists in the pthreads failed with the following output:
Change Dir: C:/Users/rekkl/rep/Calculator/build/Qt_6_7_0_build_temporary-Debug/CMakeFiles/CMakeScratch/TryCompile-twh2wt

Run Build Command(s):C:/PROGRA~2/MICROS~2/2022/BUILDT~1/Common7/IDE/COMMON~1/MICROS~1/CMake/Ninja/ninja.exe cmTC_ad103 && [1/2] Building CXX object CMakeFiles\cmTC_ad103.dir\CheckFunctionExists.cxx.obj
[2/2] Linking CXX executable cmTC_ad103.exe
[31mFAILED: [0mcmTC_ad103.exe 
cmd.exe /C "cd . && "C:\Program Files\CMake\bin\cmake.exe" -E vs_link_exe --intdir=CMakeFiles\cmTC_ad103.dir --rc=C:\PROGRA~2\WI3CF2~1\10\bin\100226~1.0\x64\rc.exe --mt=C:\PROGRA~2\WI3CF2~1\10\bin\100226~1.0\x64\mt.exe --manifests  -- C:\PROGRA~2\MICROS~2\2022\BUILDT~1\VC\Tools\MSVC\1440~1.338\bin\Hostx64\x64\link.exe /nologo CMakeFiles\cmTC_ad103.dir\CheckFunctionExists.cxx.obj  /out:cmTC_ad103.exe /implib:cmTC_ad103.lib /pdb:cmTC_ad103.pdb /version:0.0 /machine:x64  /debug /INCREMENTAL /subsystem:console  pthreads.lib  kernel32.lib user32.lib gdi32.lib winspool.lib shell32.lib ole32.lib oleaut32.lib uuid.lib comdlg32.lib advapi32.lib && cd ."
LINK Pass 1: command "C:\PROGRA~2\MICROS~2\2022\BUILDT~1\VC\Tools\MSVC\1440~1.338\bin\Hostx64\x64\link.exe /nologo CMakeFiles\cmTC_ad103.dir\CheckFunctionExists.cxx.obj /out:cmTC_ad103.exe /implib:cmTC_ad103.lib /pdb:cmTC_ad103.pdb /version:0.0 /machine:x64 /debug /INCREMENTAL /subsystem:console pthreads.lib kernel32.lib user32.lib gdi32.lib winspool.lib shell32.lib ole32.lib oleaut32.lib uuid.lib comdlg32.lib advapi32.lib /MANIFEST /MANIFESTFILE:CMakeFiles\cmTC_ad103.dir/intermediate.manifest CMakeFiles\cmTC_ad103.dir/manifest.res" failed (exit code 1104) with the following output:
LINK : fatal error LNK1104: cannot open file 'pthreads.lib'
ninja: build stopped: subcommand failed.



Determining if the function pthread_create exists in the pthread failed with the following output:
Change Dir: C:/Users/rekkl/rep/Calculator/build/Qt_6_7_0_build_temporary-Debug/CMakeFiles/CMakeScratch/TryCompile-m0fybr

Run Build Command(s):C:/PROGRA~2/MICROS~2/2022/BUILDT~1/Common7/IDE/COMMON~1/MICROS~1/CMake/Ninja/ninja.exe cmTC_6c6cc && [1/2] Building CXX object CMakeFiles\cmTC_6c6cc.dir\CheckFunctionExists.cxx.obj
[2/2] Linking CXX executable cmTC_6c6cc.exe
[31mFAILED: [0mcmTC_6c6cc.exe 
cmd.exe /C "cd . && "C:\Program Files\CMake\bin\cmake.exe" -E vs_link_exe --intdir=CMakeFiles\cmTC_6c6cc.dir --rc=C:\PROGRA~2\WI3CF2~1\10\bin\100226~1.0\x64\rc.exe --mt=C:\PROGRA~2\WI3CF2~1\10\bin\100226~1.0\x64\mt.exe --manifests  -- C:\PROGRA~2\MICROS~2\2022\BUILDT~1\VC\Tools\MSVC\1440~1.338\bin\Hostx64\x64\link.exe /nologo CMakeFiles\cmTC_6c6cc.dir\CheckFunctionExists.cxx.obj  /out:cmTC_6c6cc.exe /implib:cmTC_6c6cc.lib /pdb:cmTC_6c6cc.pdb /version:0.0 /machine:x64  /debug /INCREMENTAL /subsystem:console  pthread.lib  kernel32.lib user32.lib gdi32.lib winspool.lib shell32.lib ole32.lib oleaut32.lib uuid.lib comdlg32.lib advapi32.lib && cd ."
LINK Pass 1: command "C:\PROGRA~2\MICROS~2\2022\BUILDT~1\VC\Tools\MSVC\1440~1.338\bin\Hostx64\x64\link.exe /nologo CMakeFiles\cmTC_6c6cc.dir\CheckFunctionExists.cxx.obj /out:cmTC_6c6cc.exe /implib:cmTC_6c6cc.lib /pdb:cmTC_6c6cc.pdb /version:0.0 /machine:x64 /debug /INCREMENTAL /subsystem:console pthread.lib kernel32.lib user32.lib gdi32.lib winspool.lib shell32.lib ole32.lib oleaut32.lib uuid.lib comdlg32.lib advapi32.lib /MANIFEST /MANIFESTFILE:CMakeFiles\cmTC_6c6cc.dir/intermediate.manifest CMakeFiles\cmTC_6c6cc.dir/manifest.res" failed (exit code 1104) with the following output:
LINK : fatal error LNK1104: cannot open file 'pthread.lib'
ninja: build stopped: subcommand failed.



